#
# A fatal error has been detected by the Java Runtime Environment:
#
#  SIGSEGV (0xb) at pc=0x0000000122ada3fd, pid=12973, tid=1811
#
# JRE version: Java(TM) SE Runtime Environment (8.0_20-b26) (build 1.8.0_20-b26)
# Java VM: Java HotSpot(TM) 64-Bit Server VM (25.20-b23 mixed mode bsd-amd64 compressed oops)
# Problematic frame:
# C  [libglass.dylib+0x163fd]  GlassScreenDidChangeScreenParameters+0x9d
#
# Failed to write core dump. Core dumps have been disabled. To enable core dumping, try "ulimit -c unlimited" before starting Java again
#
# If you would like to submit a bug report, please visit:
#   http://bugreport.sun.com/bugreport/crash.jsp
#

---------------  T H R E A D  ---------------

Current thread is native thread

siginfo: si_signo: 11 (SIGSEGV), si_code: 1 (SEGV_MAPERR), si_addr: 0x0000000000000000

Registers:
RAX=0x0000000122b0ce40, RBX=0x0000000000000000, RCX=0x550037744c6931a4, RDX=0x00007fa62980e5d0
RSP=0x00007fff5d669140, RBP=0x00007fff5d669150, RSI=0x00007fa622d0a5e8, RDI=0x0000000000000000
R8 =0x00007fff5d668ff0, R9 =0x00007fff75228300, R10=0x0000000000000000, R11=0x0000000000000246
R12=0x00007fa625107b20, R13=0x00000000000f4268, R14=0x00007fa62512ac20, R15=0x00007fff5d669290
RIP=0x0000000122ada3fd, EFLAGS=0x0000000000010202, ERR=0x0000000000000004
  TRAPNO=0x000000000000000e

Top of Stack: (sp=0x00007fff5d669140)
0x00007fff5d669140:   00007fff5d669320 00007fa62512ac20
0x00007fff5d669150:   00007fff5d669160 00007fff8920bcbc
0x00007fff5d669160:   00007fff5d6694c0 00007fff890fd1b4
0x00007fff5d669170:   00007fa624259200 0000000000001400
0x00007fff5d669180:   00007fff5d6691f8 00007fa622cfc080
0x00007fff5d669190:   0000000000001002 0000000000000900
0x00007fff5d6691a0:   0000000000000004 00007fa62512ac20
0x00007fff5d6691b0:   0000000000000000 00007fff5d669290
0x00007fff5d6691c0:   0000000000000000 00007fa62512abe0
0x00007fff5d6691d0:   00007fff5d669310 0000000000000060
0x00007fff5d6691e0:   00000000000f430f 00007fa622cd7320
0x00007fff5d6691f0:   00007fa622e45190 00007fa625107b20
0x00007fff5d669200:   0000000000000001 00000000000f4268
0x00007fff5d669210:   00007fa625107b10 00007fff8a2f8acb
0x00007fff5d669220:   0000000000000001 0000000000000001
0x00007fff5d669230:   0000000000000030 0000000000000001
0x00007fff5d669240:   00007fff5d669260 00007fff8a2fe231
0x00007fff5d669250:   00007fff7517add0 0000000000000000
0x00007fff5d669260:   00007fff5d669280 0000000000000012
0x00007fff5d669270:   0001a40300000000 00007fa625107b44
0x00007fff5d669280:   0000000000000000 00007fff890f2c8f
0x00007fff5d669290:   00007fa62512ac20 00007fff7517add0
0x00007fff5d6692a0:   00007fff5d669320 00007fff890fb7bf
0x00007fff5d6692b0:   00007fff5d669324 0000000000464401
0x00007fff5d6692c0:   00000001025b1a00 0000000000000002
0x00007fff5d6692d0:   00000001025ae000 00007fa622c0d412
0x00007fff5d6692e0:   0000000000000003 00000001025b2e00
0x00007fff5d6692f0:   00007fff5d6693e0 00007fff8a2f72a2
0x00007fff5d669300:   00007fa622e44e10 00007fff5d6694c8
0x00007fff5d669310:   0000000000000017 0000000000000000
0x00007fff5d669320:   00000000000f4268 00007fff890f2f83
0x00007fff5d669330:   00007fff00000000 00007fa622e4bc20 

Instructions: (pc=0x0000000122ada3fd)
0x0000000122ada3dd:   89 df 4c 89 f1 41 ff 90 68 04 00 00 48 8d 05 58
0x0000000122ada3ed:   29 03 00 48 8b 30 48 8d 05 46 2a 03 00 48 8b 10
0x0000000122ada3fd:   48 8b 0b 30 c0 48 89 df ff 91 68 04 00 00 48 8b
0x0000000122ada40d:   03 48 89 df ff 50 78 48 85 c0 74 36 49 89 c6 48 

Register to memory mapping:

RAX=0x0000000122b0ce40: jScreenNotifySettingsChanged+0 in /Library/Java/JavaVirtualMachines/jdk1.8.0_20.jdk/Contents/Home/jre/lib/libglass.dylib at 0x0000000122ac4000
RBX=0x0000000000000000 is an unknown value
RCX=0x550037744c6931a4 is an unknown value
RDX=0x00007fa62980e5d0 is an unknown value
RSP=0x00007fff5d669140 is an unknown value
RBP=0x00007fff5d669150 is an unknown value
RSI=0x00007fa622d0a5e8 is a global jni handle
RDI=0x0000000000000000 is an unknown value
R8 =0x00007fff5d668ff0 is an unknown value
R9 =0x00007fff75228300: _thread+0 in /usr/lib/system/libsystem_pthread.dylib at 0x00007fff89986000
R10=0x0000000000000000 is an unknown value
R11=0x0000000000000246 is an unknown value
R12=0x00007fa625107b20 is an unknown value
R13=0x00000000000f4268 is an unknown value
R14=0x00007fa62512ac20 is an unknown value
R15=0x00007fff5d669290 is an unknown value


Stack: [0x00007fff5ce6c000,0x00007fff5d66c000],  sp=0x00007fff5d669140,  free space=8180k
Native frames: (J=compiled Java code, j=interpreted, Vv=VM code, C=native code)
C  [libglass.dylib+0x163fd]  GlassScreenDidChangeScreenParameters+0x9d
C  [CoreFoundation+0x11ecbc]  __CFNOTIFICATIONCENTER_IS_CALLING_OUT_TO_AN_OBSERVER__+0xc
C  [CoreFoundation+0x101b4]  _CFXNotificationPost+0xc44
C  [Foundation+0x2ea1]  -[NSNotificationCenter postNotificationName:object:userInfo:]+0x42
C  [AppKit+0x362f3e]  -[NSApplication _reactToScreenInvalidationImmediately:]+0x17b
C  [AppKit+0x362d7d]  __44-[NSApplication _reactToScreenInvalidation:]_block_invoke+0x4b
C  [CoreFoundation+0x8054c]  __CFRUNLOOP_IS_CALLING_OUT_TO_A_BLOCK__+0xc
C  [CoreFoundation+0x72655]  __CFRunLoopDoBlocks+0x155
C  [CoreFoundation+0x72196]  __CFRunLoopRun+0x716
C  [CoreFoundation+0x71838]  CFRunLoopRunSpecific+0x128
C  [java+0x56cc]  CreateExecutionEnvironment+0x367
C  [java+0x165c]  JLI_Launch+0x7a0
C  [java+0x768a]  main+0x65
C  [java+0xeb4]  start+0x34


---------------  P R O C E S S  ---------------

VM state:at safepoint (normal execution)

VM Mutex/Monitor currently owned by a thread:  ([mutex/lock_event])
[0x00007fa622e01b50] Threads_lock - owner thread: 0x00007fa62383b800
[0x00007fa622e02050] Heap_lock - owner thread: 0x00007fa62900e000

Heap:
 PSYoungGen      total 76288K, used 40403K [0x000000076ab00000, 0x0000000770000000, 0x00000007c0000000)
  eden space 65536K, 61% used [0x000000076ab00000,0x000000076d274cd0,0x000000076eb00000)
  from space 10752K, 0% used [0x000000076f580000,0x000000076f580000,0x0000000770000000)
  to   space 10752K, 0% used [0x000000076eb00000,0x000000076eb00000,0x000000076f580000)
 ParOldGen       total 175104K, used 0K [0x00000006c0000000, 0x00000006cab00000, 0x000000076ab00000)
  object space 175104K, 0% used [0x00000006c0000000,0x00000006c0000000,0x00000006cab00000)
 Metaspace       used 14363K, capacity 14928K, committed 15104K, reserved 1062912K
  class space    used 2070K, capacity 2194K, committed 2304K, reserved 1048576K

Card table byte_map: [0x0000000113ae4000,0x00000001142e5000] byte_map_base: 0x00000001104e4000

Marking Bits: (ParMarkBitMap*) 0x000000010409c330
 Begin Bits: [0x0000000115053000, 0x0000000119053000)
 End Bits:   [0x0000000119053000, 0x000000011d053000)

Polling page: 0x00000001027ee000

CodeCache: size=245760Kb used=4122Kb max_used=4122Kb free=241637Kb
 bounds [0x0000000104724000, 0x0000000104b34000, 0x0000000113724000]
 total_blobs=1860 nmethods=1246 adapters=528
 compilation: enabled

Compilation events (10 events):
Event: 6.607 Thread 0x00007fa62580c000 1243       1       com.sun.prism.impl.ps.BaseShaderContext$State::access$100 (5 bytes)
Event: 6.607 Thread 0x00007fa62580c000 nmethod 1243 0x0000000104b27e90 code [0x0000000104b27fe0, 0x0000000104b280d0]
Event: 6.619 Thread 0x00007fa62580c000 1244       1       java.util.concurrent.locks.AbstractOwnableSynchronizer::getExclusiveOwnerThread (5 bytes)
Event: 6.619 Thread 0x00007fa62580c000 nmethod 1244 0x0000000104b28150 code [0x0000000104b282a0, 0x0000000104b283b0]
Event: 6.685 Thread 0x00007fa62580c000 1245       3       com.sun.javafx.tk.quantum.QuantumToolkit::postPulse (148 bytes)
Event: 6.687 Thread 0x00007fa62580c000 nmethod 1245 0x0000000104b28410 code [0x0000000104b28780, 0x0000000104b2a738]
Event: 6.772 Thread 0x00007fa62580c000 1246  s    3       java.util.Vector::elementAt (48 bytes)
Event: 6.773 Thread 0x00007fa62580c000 nmethod 1246 0x0000000104b2b210 code [0x0000000104b2b420, 0x0000000104b2bfa8]
Event: 6.773 Thread 0x00007fa62580c000 1247       3       java.util.concurrent.locks.AbstractOwnableSynchronizer::setExclusiveOwnerThread (6 bytes)
Event: 6.773 Thread 0x00007fa62580c000 nmethod 1247 0x0000000104b2c510 code [0x0000000104b2c660, 0x0000000104b2c7d0]

GC Heap History (0 events):
No events

Deoptimization events (10 events):
Event: 0.498 Thread 0x00007fa62410f800 Uncommon trap: reason=unreached action=reinterpret pc=0x0000000104990b90 method=java.util.HashMap.hash(Ljava/lang/Object;)I @ 1
Event: 0.569 Thread 0x00007fa62410f800 Uncommon trap: reason=class_check action=maybe_recompile pc=0x000000010497ebd0 method=java.io.DataInputStream.readShort()S @ 4
Event: 0.569 Thread 0x00007fa62410f800 Uncommon trap: reason=class_check action=maybe_recompile pc=0x000000010497ebd0 method=java.io.DataInputStream.readShort()S @ 4
Event: 0.570 Thread 0x00007fa62410f800 Uncommon trap: reason=class_check action=maybe_recompile pc=0x000000010497ebd0 method=java.io.DataInputStream.readShort()S @ 4
Event: 0.570 Thread 0x00007fa62410f800 Uncommon trap: reason=class_check action=maybe_recompile pc=0x000000010497ebd0 method=java.io.DataInputStream.readShort()S @ 4
Event: 0.574 Thread 0x00007fa62410f800 Uncommon trap: reason=class_check action=maybe_recompile pc=0x0000000104847c9c method=java.lang.String.equals(Ljava/lang/Object;)Z @ 8
Event: 0.574 Thread 0x00007fa62410f800 Uncommon trap: reason=class_check action=maybe_recompile pc=0x0000000104847c9c method=java.lang.String.equals(Ljava/lang/Object;)Z @ 8
Event: 0.574 Thread 0x00007fa62410f800 Uncommon trap: reason=class_check action=maybe_recompile pc=0x0000000104847c9c method=java.lang.String.equals(Ljava/lang/Object;)Z @ 8
Event: 0.576 Thread 0x00007fa62410f800 Uncommon trap: reason=class_check action=maybe_recompile pc=0x0000000104847c9c method=java.lang.String.equals(Ljava/lang/Object;)Z @ 8
Event: 0.798 Thread 0x00007fa62410f800 Uncommon trap: reason=unloaded action=reinterpret pc=0x000000010496fe98 method=java.lang.CharacterData.of(I)Ljava/lang/CharacterData; @ 96

Internal exceptions (10 events):
Event: 0.907 Thread 0x00007fa62410f800 Exception <a 'java/security/PrivilegedActionException'> (0x000000076ca726f8) thrown at [/HUDSON3/workspace/8-2-build-macosx-x86_64/jdk8u20/1074/hotspot/src/share/vm/prims/jvm.cpp, line 1275]
Event: 0.909 Thread 0x00007fa62410f800 Exception <a 'java/lang/ArrayIndexOutOfBoundsException'> (0x000000076ca85a50) thrown at [/HUDSON3/workspace/8-2-build-macosx-x86_64/jdk8u20/1074/hotspot/src/share/vm/runtime/sharedRuntime.cpp, line 604]
Event: 0.911 Thread 0x00007fa62410f800 Exception <a 'java/security/PrivilegedActionException'> (0x000000076caae228) thrown at [/HUDSON3/workspace/8-2-build-macosx-x86_64/jdk8u20/1074/hotspot/src/share/vm/prims/jvm.cpp, line 1275]
Event: 0.911 Thread 0x00007fa62410f800 Exception <a 'java/security/PrivilegedActionException'> (0x000000076caaf140) thrown at [/HUDSON3/workspace/8-2-build-macosx-x86_64/jdk8u20/1074/hotspot/src/share/vm/prims/jvm.cpp, line 1275]
Event: 0.911 Thread 0x00007fa62410f800 Exception <a 'java/security/PrivilegedActionException'> (0x000000076caccd20) thrown at [/HUDSON3/workspace/8-2-build-macosx-x86_64/jdk8u20/1074/hotspot/src/share/vm/prims/jvm.cpp, line 1275]
Event: 0.911 Thread 0x00007fa62410f800 Exception <a 'java/security/PrivilegedActionException'> (0x000000076cacdc50) thrown at [/HUDSON3/workspace/8-2-build-macosx-x86_64/jdk8u20/1074/hotspot/src/share/vm/prims/jvm.cpp, line 1275]
Event: 0.911 Thread 0x00007fa62410f800 Exception <a 'java/security/PrivilegedActionException'> (0x000000076caeac30) thrown at [/HUDSON3/workspace/8-2-build-macosx-x86_64/jdk8u20/1074/hotspot/src/share/vm/prims/jvm.cpp, line 1275]
Event: 0.912 Thread 0x00007fa62410f800 Exception <a 'java/security/PrivilegedActionException'> (0x000000076caebb60) thrown at [/HUDSON3/workspace/8-2-build-macosx-x86_64/jdk8u20/1074/hotspot/src/share/vm/prims/jvm.cpp, line 1275]
Event: 0.922 Thread 0x00007fa62410f800 Exception <a 'java/security/PrivilegedActionException'> (0x000000076cb4d5c8) thrown at [/HUDSON3/workspace/8-2-build-macosx-x86_64/jdk8u20/1074/hotspot/src/share/vm/prims/jvm.cpp, line 1275]
Event: 0.925 Thread 0x00007fa62410f800 Exception <a 'java/lang/ArrayIndexOutOfBoundsException'> (0x000000076cb7ee38) thrown at [/HUDSON3/workspace/8-2-build-macosx-x86_64/jdk8u20/1074/hotspot/src/share/vm/runtime/sharedRuntime.cpp, line 604]

Events (10 events):
Event: 6.773 Thread 0x00007fa624001000 Thread exited: 0x00007fa624001000
Event: 6.773 Thread 0x00007fa62900e000 Thread added: 0x00007fa62900e000
Event: 6.773 Thread 0x00007fa62410f800 Thread exited: 0x00007fa62410f800
Event: 6.773 loading class java/util/IdentityHashMap$KeySet
Event: 6.773 loading class java/util/IdentityHashMap$KeySet done
Event: 6.773 loading class java/util/IdentityHashMap$KeyIterator
Event: 6.773 loading class java/util/IdentityHashMap$IdentityHashMapIterator
Event: 6.774 loading class java/util/IdentityHashMap$IdentityHashMapIterator done
Event: 6.774 loading class java/util/IdentityHashMap$KeyIterator done
Event: 6.774 Thread 0x00007fa62900e000 Thread exited: 0x00007fa62900e000


Dynamic libraries:
0x00000000044fc000 	/System/Library/Frameworks/Cocoa.framework/Versions/A/Cocoa
0x00000000044fc000 	/System/Library/Frameworks/Security.framework/Versions/A/Security
0x00000000044fc000 	/System/Library/Frameworks/ApplicationServices.framework/Versions/A/ApplicationServices
0x00000000044fc000 	/usr/lib/libz.1.dylib
0x00000000044fc000 	/usr/lib/libSystem.B.dylib
0x00000000044fc000 	/usr/lib/libobjc.A.dylib
0x00000000044fc000 	/System/Library/Frameworks/CoreFoundation.framework/Versions/A/CoreFoundation
0x00000000044fc000 	/System/Library/Frameworks/Foundation.framework/Versions/C/Foundation
0x00000000044fc000 	/System/Library/Frameworks/AppKit.framework/Versions/C/AppKit
0x00000000044fc000 	/System/Library/Frameworks/CoreData.framework/Versions/A/CoreData
0x00000000044fc000 	/System/Library/PrivateFrameworks/RemoteViewServices.framework/Versions/A/RemoteViewServices
0x00000000044fc000 	/System/Library/PrivateFrameworks/UIFoundation.framework/Versions/A/UIFoundation
0x00000000044fc000 	/System/Library/Frameworks/IOSurface.framework/Versions/A/IOSurface
0x00000000044fc000 	/System/Library/Frameworks/AudioToolbox.framework/Versions/A/AudioToolbox
0x00000000044fc000 	/System/Library/Frameworks/AudioUnit.framework/Versions/A/AudioUnit
0x00000000044fc000 	/System/Library/PrivateFrameworks/DataDetectorsCore.framework/Versions/A/DataDetectorsCore
0x00000000044fc000 	/System/Library/PrivateFrameworks/DesktopServicesPriv.framework/Versions/A/DesktopServicesPriv
0x00000000044fc000 	/System/Library/Frameworks/Carbon.framework/Versions/A/Frameworks/HIToolbox.framework/Versions/A/HIToolbox
0x00000000044fc000 	/System/Library/Frameworks/QuartzCore.framework/Versions/A/QuartzCore
0x00000000044fc000 	/System/Library/Frameworks/Carbon.framework/Versions/A/Frameworks/SpeechRecognition.framework/Versions/A/SpeechRecognition
0x00000000044fc000 	/usr/lib/libauto.dylib
0x00000000044fc000 	/usr/lib/libicucore.A.dylib
0x00000000044fc000 	/usr/lib/libxml2.2.dylib
0x00000000044fc000 	/System/Library/PrivateFrameworks/CoreUI.framework/Versions/A/CoreUI
0x00000000044fc000 	/System/Library/Frameworks/CoreAudio.framework/Versions/A/CoreAudio
0x00000000044fc000 	/System/Library/Frameworks/DiskArbitration.framework/Versions/A/DiskArbitration
0x00000000044fc000 	/usr/lib/liblangid.dylib
0x00000000044fc000 	/System/Library/PrivateFrameworks/MultitouchSupport.framework/Versions/A/MultitouchSupport
0x00000000044fc000 	/System/Library/Frameworks/IOKit.framework/Versions/A/IOKit
0x00000000044fc000 	/usr/lib/libDiagnosticMessagesClient.dylib
0x00000000044fc000 	/System/Library/Frameworks/CoreServices.framework/Versions/A/CoreServices
0x00000000044fc000 	/System/Library/PrivateFrameworks/PerformanceAnalysis.framework/Versions/A/PerformanceAnalysis
0x00000000044fc000 	/System/Library/PrivateFrameworks/GenerationalStorage.framework/Versions/A/GenerationalStorage
0x00000000044fc000 	/System/Library/Frameworks/OpenGL.framework/Versions/A/OpenGL
0x00000000044fc000 	/System/Library/PrivateFrameworks/Sharing.framework/Versions/A/Sharing
0x00000000044fc000 	/System/Library/Frameworks/CoreGraphics.framework/Versions/A/CoreGraphics
0x00000000044fc000 	/System/Library/Frameworks/CoreText.framework/Versions/A/CoreText
0x00000000044fc000 	/System/Library/Frameworks/ImageIO.framework/Versions/A/ImageIO
0x00000000044fc000 	/usr/lib/libextension.dylib
0x00000000044fc000 	/System/Library/PrivateFrameworks/Backup.framework/Versions/A/Backup
0x00000000044fc000 	/usr/lib/libarchive.2.dylib
0x00000000044fc000 	/System/Library/Frameworks/CFNetwork.framework/Versions/A/CFNetwork
0x00000000044fc000 	/System/Library/Frameworks/SystemConfiguration.framework/Versions/A/SystemConfiguration
0x00000000044fc000 	/usr/lib/libCRFSuite.dylib
0x00000000044fc000 	/usr/lib/libc++.1.dylib
0x00000000044fc000 	/usr/lib/libc++abi.dylib
0x00000000044fc000 	/usr/lib/system/libcache.dylib
0x00000000044fc000 	/usr/lib/system/libcommonCrypto.dylib
0x00000000044fc000 	/usr/lib/system/libcompiler_rt.dylib
0x00000000044fc000 	/usr/lib/system/libcopyfile.dylib
0x00000000044fc000 	/usr/lib/system/libcorecrypto.dylib
0x00000000044fc000 	/usr/lib/system/libdispatch.dylib
0x00000000044fc000 	/usr/lib/system/libdyld.dylib
0x00000000044fc000 	/usr/lib/system/libkeymgr.dylib
0x00000000044fc000 	/usr/lib/system/liblaunch.dylib
0x00000000044fc000 	/usr/lib/system/libmacho.dylib
0x00000000044fc000 	/usr/lib/system/libquarantine.dylib
0x00000000044fc000 	/usr/lib/system/libremovefile.dylib
0x00000000044fc000 	/usr/lib/system/libsystem_asl.dylib
0x00000000044fc000 	/usr/lib/system/libsystem_blocks.dylib
0x00000000044fc000 	/usr/lib/system/libsystem_c.dylib
0x00000000044fc000 	/usr/lib/system/libsystem_configuration.dylib
0x00000000044fc000 	/usr/lib/system/libsystem_coreservices.dylib
0x00000000044fc000 	/usr/lib/system/libsystem_coretls.dylib
0x00000000044fc000 	/usr/lib/system/libsystem_dnssd.dylib
0x00000000044fc000 	/usr/lib/system/libsystem_info.dylib
0x00000000044fc000 	/usr/lib/system/libsystem_kernel.dylib
0x00000000044fc000 	/usr/lib/system/libsystem_m.dylib
0x00000000044fc000 	/usr/lib/system/libsystem_malloc.dylib
0x00000000044fc000 	/usr/lib/system/libsystem_network.dylib
0x00000000044fc000 	/usr/lib/system/libsystem_networkextension.dylib
0x00000000044fc000 	/usr/lib/system/libsystem_notify.dylib
0x00000000044fc000 	/usr/lib/system/libsystem_platform.dylib
0x00000000044fc000 	/usr/lib/system/libsystem_pthread.dylib
0x00000000044fc000 	/usr/lib/system/libsystem_sandbox.dylib
0x00000000044fc000 	/usr/lib/system/libsystem_secinit.dylib
0x00000000044fc000 	/usr/lib/system/libsystem_stats.dylib
0x00000000044fc000 	/usr/lib/system/libsystem_trace.dylib
0x00000000044fc000 	/usr/lib/system/libunc.dylib
0x00000000044fc000 	/usr/lib/system/libunwind.dylib
0x00000000044fc000 	/usr/lib/system/libxpc.dylib
0x00000000044fc000 	/usr/lib/libbz2.1.0.dylib
0x00000000044fc000 	/usr/lib/liblzma.5.dylib
0x00000000044fc000 	/usr/lib/libbsm.0.dylib
0x00000000044fc000 	/usr/lib/libsqlite3.dylib
0x00000000044fc000 	/usr/lib/system/libkxld.dylib
0x00000000044fc000 	/usr/lib/libxar.1.dylib
0x00000000044fc000 	/usr/lib/libpam.2.dylib
0x00000000044fc000 	/usr/lib/libOpenScriptingUtil.dylib
0x00000000044fc000 	/System/Library/Frameworks/CoreServices.framework/Versions/A/Frameworks/FSEvents.framework/Versions/A/FSEvents
0x00000000044fc000 	/System/Library/Frameworks/CoreServices.framework/Versions/A/Frameworks/CarbonCore.framework/Versions/A/CarbonCore
0x00000000044fc000 	/System/Library/Frameworks/CoreServices.framework/Versions/A/Frameworks/Metadata.framework/Versions/A/Metadata
0x00000000044fc000 	/System/Library/Frameworks/CoreServices.framework/Versions/A/Frameworks/OSServices.framework/Versions/A/OSServices
0x00000000044fc000 	/System/Library/Frameworks/CoreServices.framework/Versions/A/Frameworks/SearchKit.framework/Versions/A/SearchKit
0x00000000044fc000 	/System/Library/Frameworks/CoreServices.framework/Versions/A/Frameworks/AE.framework/Versions/A/AE
0x00000000044fc000 	/System/Library/Frameworks/CoreServices.framework/Versions/A/Frameworks/LaunchServices.framework/Versions/A/LaunchServices
0x00000000044fc000 	/System/Library/Frameworks/CoreServices.framework/Versions/A/Frameworks/DictionaryServices.framework/Versions/A/DictionaryServices
0x00000000044fc000 	/System/Library/Frameworks/NetFS.framework/Versions/A/NetFS
0x00000000044fc000 	/System/Library/PrivateFrameworks/NetAuth.framework/Versions/A/NetAuth
0x00000000044fc000 	/System/Library/PrivateFrameworks/login.framework/Versions/A/Frameworks/loginsupport.framework/Versions/A/loginsupport
0x00000000044fc000 	/System/Library/PrivateFrameworks/TCC.framework/Versions/A/TCC
0x00000000044fc000 	/usr/lib/libmecabra.dylib
0x00000000044fc000 	/System/Library/PrivateFrameworks/LanguageModeling.framework/Versions/A/LanguageModeling
0x00000000044fc000 	/usr/lib/libcmph.dylib
0x00000000044fc000 	/usr/lib/libiconv.2.dylib
0x00000000044fc000 	/System/Library/Frameworks/OpenDirectory.framework/Versions/A/Frameworks/CFOpenDirectory.framework/Versions/A/CFOpenDirectory
0x00000000044fc000 	/System/Library/Frameworks/ServiceManagement.framework/Versions/A/ServiceManagement
0x00000000044fc000 	/usr/lib/libxslt.1.dylib
0x00000000044fc000 	/System/Library/Frameworks/Carbon.framework/Versions/A/Frameworks/Ink.framework/Versions/A/Ink
0x00000000044fc000 	/System/Library/Frameworks/ApplicationServices.framework/Versions/A/Frameworks/ATS.framework/Versions/A/ATS
0x00000000044fc000 	/System/Library/Frameworks/ApplicationServices.framework/Versions/A/Frameworks/ColorSync.framework/Versions/A/ColorSync
0x00000000044fc000 	/System/Library/Frameworks/ApplicationServices.framework/Versions/A/Frameworks/HIServices.framework/Versions/A/HIServices
0x00000000044fc000 	/System/Library/Frameworks/ApplicationServices.framework/Versions/A/Frameworks/LangAnalysis.framework/Versions/A/LangAnalysis
0x00000000044fc000 	/System/Library/Frameworks/ApplicationServices.framework/Versions/A/Frameworks/PrintCore.framework/Versions/A/PrintCore
0x00000000044fc000 	/System/Library/Frameworks/ApplicationServices.framework/Versions/A/Frameworks/QD.framework/Versions/A/QD
0x00000000044fc000 	/System/Library/Frameworks/ApplicationServices.framework/Versions/A/Frameworks/SpeechSynthesis.framework/Versions/A/SpeechSynthesis
0x00000000044fc000 	/System/Library/Frameworks/Accelerate.framework/Versions/A/Accelerate
0x00000000044fc000 	/System/Library/Frameworks/Accelerate.framework/Versions/A/Frameworks/vImage.framework/Versions/A/vImage
0x00000000044fc000 	/System/Library/Frameworks/Accelerate.framework/Versions/A/Frameworks/vecLib.framework/Versions/A/vecLib
0x00000000044fc000 	/System/Library/Frameworks/Accelerate.framework/Versions/A/Frameworks/vecLib.framework/Versions/A/libvDSP.dylib
0x00000000044fc000 	/System/Library/Frameworks/Accelerate.framework/Versions/A/Frameworks/vecLib.framework/Versions/A/libvMisc.dylib
0x00000000044fc000 	/System/Library/Frameworks/Accelerate.framework/Versions/A/Frameworks/vecLib.framework/Versions/A/libLAPACK.dylib
0x00000000044fc000 	/System/Library/Frameworks/Accelerate.framework/Versions/A/Frameworks/vecLib.framework/Versions/A/libBLAS.dylib
0x00000000044fc000 	/System/Library/Frameworks/Accelerate.framework/Versions/A/Frameworks/vecLib.framework/Versions/A/libLinearAlgebra.dylib
0x00000000044fc000 	/System/Library/Frameworks/ApplicationServices.framework/Versions/A/Frameworks/ATS.framework/Versions/A/Resources/libFontParser.dylib
0x00000000044fc000 	/System/Library/Frameworks/ApplicationServices.framework/Versions/A/Frameworks/ATS.framework/Versions/A/Resources/libFontRegistry.dylib
0x00000000044fc000 	/System/Library/PrivateFrameworks/AppleVPA.framework/Versions/A/AppleVPA
0x00000000044fc000 	/System/Library/PrivateFrameworks/AppleJPEG.framework/Versions/A/AppleJPEG
0x00000000044fc000 	/System/Library/Frameworks/ImageIO.framework/Versions/A/Resources/libJPEG.dylib
0x00000000044fc000 	/System/Library/Frameworks/ImageIO.framework/Versions/A/Resources/libTIFF.dylib
0x00000000044fc000 	/System/Library/Frameworks/ImageIO.framework/Versions/A/Resources/libPng.dylib
0x00000000044fc000 	/System/Library/Frameworks/ImageIO.framework/Versions/A/Resources/libGIF.dylib
0x00000000044fc000 	/System/Library/Frameworks/ImageIO.framework/Versions/A/Resources/libJP2.dylib
0x00000000044fc000 	/System/Library/Frameworks/ImageIO.framework/Versions/A/Resources/libRadiance.dylib
0x00000000044fc000 	/System/Library/Frameworks/CoreVideo.framework/Versions/A/CoreVideo
0x00000000044fc000 	/System/Library/Frameworks/OpenGL.framework/Versions/A/Libraries/libGLU.dylib
0x00000000044fc000 	/System/Library/Frameworks/OpenGL.framework/Versions/A/Libraries/libGFXShared.dylib
0x00000000044fc000 	/System/Library/Frameworks/OpenGL.framework/Versions/A/Libraries/libGL.dylib
0x00000000044fc000 	/System/Library/Frameworks/OpenGL.framework/Versions/A/Libraries/libGLImage.dylib
0x00000000044fc000 	/System/Library/Frameworks/OpenGL.framework/Versions/A/Libraries/libCVMSPluginSupport.dylib
0x00000000044fc000 	/System/Library/Frameworks/OpenGL.framework/Versions/A/Libraries/libCoreVMClient.dylib
0x00000000044fc000 	/usr/lib/libcups.2.dylib
0x00000000044fc000 	/System/Library/Frameworks/Kerberos.framework/Versions/A/Kerberos
0x00000000044fc000 	/System/Library/Frameworks/GSS.framework/Versions/A/GSS
0x00000000044fc000 	/usr/lib/libresolv.9.dylib
0x00000000044fc000 	/System/Library/PrivateFrameworks/Heimdal.framework/Versions/A/Heimdal
0x00000000044fc000 	/usr/lib/libheimdal-asn1.dylib
0x00000000044fc000 	/System/Library/Frameworks/OpenDirectory.framework/Versions/A/OpenDirectory
0x00000000044fc000 	/System/Library/PrivateFrameworks/CommonAuth.framework/Versions/A/CommonAuth
0x00000000044fc000 	/System/Library/Frameworks/SecurityFoundation.framework/Versions/A/SecurityFoundation
0x00000000044fc000 	/System/Library/Frameworks/QuartzCore.framework/Versions/A/Frameworks/CoreImage.framework/Versions/A/CoreImage
0x00000000044fc000 	/System/Library/PrivateFrameworks/CrashReporterSupport.framework/Versions/A/CrashReporterSupport
0x00000000044fc000 	/System/Library/Frameworks/OpenCL.framework/Versions/A/OpenCL
0x00000000044fc000 	/System/Library/PrivateFrameworks/FaceCore.framework/Versions/A/FaceCore
0x00000000044fc000 	/System/Library/PrivateFrameworks/Ubiquity.framework/Versions/A/Ubiquity
0x00000000044fc000 	/System/Library/PrivateFrameworks/IconServices.framework/Versions/A/IconServices
0x00000000044fc000 	/System/Library/PrivateFrameworks/ChunkingLibrary.framework/Versions/A/ChunkingLibrary
0x00000000044fc000 	/System/Library/PrivateFrameworks/Apple80211.framework/Versions/A/Apple80211
0x00000000044fc000 	/System/Library/Frameworks/CoreWLAN.framework/Versions/A/CoreWLAN
0x00000000044fc000 	/System/Library/Frameworks/IOBluetooth.framework/Versions/A/IOBluetooth
0x00000000044fc000 	/System/Library/PrivateFrameworks/CoreWiFi.framework/Versions/A/CoreWiFi
0x00000000044fc000 	/System/Library/Frameworks/CoreBluetooth.framework/Versions/A/CoreBluetooth
0x00000000044fc000 	/System/Library/PrivateFrameworks/DebugSymbols.framework/Versions/A/DebugSymbols
0x00000000044fc000 	/System/Library/PrivateFrameworks/CoreSymbolication.framework/Versions/A/CoreSymbolication
0x00000000044fc000 	/System/Library/PrivateFrameworks/Symbolication.framework/Versions/A/Symbolication
0x00000000044fc000 	/System/Library/PrivateFrameworks/SpeechRecognitionCore.framework/Versions/A/SpeechRecognitionCore
0x0000000103800000 	/Library/Java/JavaVirtualMachines/jdk1.8.0_20.jdk/Contents/Home/jre/lib/server/libjvm.dylib
0x00000000044fc000 	/usr/lib/libstdc++.6.dylib
0x00000001027ac000 	/Library/Java/JavaVirtualMachines/jdk1.8.0_20.jdk/Contents/Home/jre/lib/libverify.dylib
0x00000001027ba000 	/Library/Java/JavaVirtualMachines/jdk1.8.0_20.jdk/Contents/Home/jre/lib/libjava.dylib
0x000000010471b000 	/Library/Java/JavaVirtualMachines/jdk1.8.0_20.jdk/Contents/Home/jre/lib/libzip.dylib
0x00000001202f7000 	/System/Library/Frameworks/JavaVM.framework/Frameworks/JavaRuntimeSupport.framework/JavaRuntimeSupport
0x000000012030d000 	/System/Library/Frameworks/JavaVM.framework/Versions/A/Frameworks/JavaNativeFoundation.framework/Versions/A/JavaNativeFoundation
0x0000000120321000 	/System/Library/Frameworks/JavaVM.framework/Versions/A/JavaVM
0x00000000044fc000 	/System/Library/Frameworks/Carbon.framework/Versions/A/Carbon
0x000000012032d000 	/System/Library/PrivateFrameworks/JavaLaunching.framework/Versions/A/JavaLaunching
0x00000000044fc000 	/System/Library/Frameworks/Carbon.framework/Versions/A/Frameworks/CommonPanels.framework/Versions/A/CommonPanels
0x00000000044fc000 	/System/Library/Frameworks/Carbon.framework/Versions/A/Frameworks/Help.framework/Versions/A/Help
0x00000000044fc000 	/System/Library/Frameworks/Carbon.framework/Versions/A/Frameworks/ImageCapture.framework/Versions/A/ImageCapture
0x00000000044fc000 	/System/Library/Frameworks/Carbon.framework/Versions/A/Frameworks/OpenScripting.framework/Versions/A/OpenScripting
0x00000000044fc000 	/System/Library/Frameworks/Carbon.framework/Versions/A/Frameworks/Print.framework/Versions/A/Print
0x00000000044fc000 	/System/Library/Frameworks/Carbon.framework/Versions/A/Frameworks/SecurityHI.framework/Versions/A/SecurityHI
0x00000001223dd000 	/Library/Java/JavaVirtualMachines/jdk1.8.0_20.jdk/Contents/Home/jre/lib/libprism_es2.dylib
0x00000000044fc000 	/System/Library/Frameworks/OpenGL.framework/Versions/A/Resources/GLEngine.bundle/GLEngine
0x00000000044fc000 	/System/Library/Frameworks/OpenGL.framework/Versions/A/Libraries/libGLProgrammability.dylib
0x0000000000000000 	/System/Library/Extensions/AppleIntelHD5000GraphicsGLDriver.bundle/Contents/MacOS/AppleIntelHD5000GraphicsGLDriver
0x00000000044fc000 	/System/Library/PrivateFrameworks/IOAccelerator.framework/Versions/A/IOAccelerator
0x00000000044fc000 	/System/Library/PrivateFrameworks/GPUSupport.framework/Versions/A/Libraries/libGPUSupportMercury.dylib
0x0000000000000000 	/System/Library/Extensions/GeForceGLDriver.bundle/Contents/MacOS/GeForceGLDriver
0x00000000044fc000 	/System/Library/Extensions/GeForceGLDriver.bundle/Contents/MacOS/libclh.dylib
0x00000000044fc000 	/System/Library/Frameworks/OpenGL.framework/Versions/A/Resources/GLRendererFloat.bundle/GLRendererFloat
0x00000000044fc000 	/System/Library/Frameworks/OpenCL.framework/Versions/A/Libraries/libcldcpuengine.dylib
0x00000000044fc000 	/System/Library/PrivateFrameworks/DiskImages.framework/Versions/A/DiskImages
0x00000000044fc000 	/System/Library/Frameworks/DiscRecording.framework/Versions/A/DiscRecording
0x00000000044fc000 	/usr/lib/libcsfde.dylib
0x00000000044fc000 	/usr/lib/libcurl.4.dylib
0x00000000044fc000 	/System/Library/PrivateFrameworks/MediaKit.framework/Versions/A/MediaKit
0x00000000044fc000 	/System/Library/PrivateFrameworks/ProtectedCloudStorage.framework/Versions/A/ProtectedCloudStorage
0x00000000044fc000 	/usr/lib/libCoreStorage.dylib
0x00000000044fc000 	/System/Library/PrivateFrameworks/EFILogin.framework/Versions/A/EFILogin
0x00000000044fc000 	/usr/lib/libutil.dylib
0x00000000044fc000 	/System/Library/PrivateFrameworks/FindMyDevice.framework/Versions/A/FindMyDevice
0x00000000044fc000 	/System/Library/Frameworks/LDAP.framework/Versions/A/LDAP
0x00000000044fc000 	/usr/lib/libsasl2.2.dylib
0x00000000044fc000 	/System/Library/PrivateFrameworks/CoreDaemon.framework/Versions/B/CoreDaemon
0x00000000044fc000 	/usr/lib/libcrypto.0.9.8.dylib
0x00000000044fc000 	/System/Library/PrivateFrameworks/AppleSRP.framework/Versions/A/AppleSRP
0x00000000044fc000 	/System/Library/PrivateFrameworks/TrustEvaluationAgent.framework/Versions/A/TrustEvaluationAgent
0x0000000122ac4000 	/Library/Java/JavaVirtualMachines/jdk1.8.0_20.jdk/Contents/Home/jre/lib/libglass.dylib
0x00000000044fc000 	/System/Library/PrivateFrameworks/CoreServicesInternal.framework/Versions/A/CoreServicesInternal
0x00000000044fc000 	/System/Library/PrivateFrameworks/CloudDocs.framework/Versions/A/CloudDocs
0x00000000044fc000 	/System/Library/PrivateFrameworks/CoreDuet.framework/Versions/A/CoreDuet
0x00000000044fc000 	/System/Library/Frameworks/CloudKit.framework/Versions/A/CloudKit
0x00000000044fc000 	/System/Library/PrivateFrameworks/ProtocolBuffer.framework/Versions/A/ProtocolBuffer
0x00000000044fc000 	/System/Library/PrivateFrameworks/CoreDuetDaemonProtocol.framework/Versions/A/CoreDuetDaemonProtocol
0x00000000044fc000 	/System/Library/PrivateFrameworks/CoreDuetDebugLogging.framework/Versions/A/CoreDuetDebugLogging
0x00000000044fc000 	/System/Library/Frameworks/CoreLocation.framework/Versions/A/CoreLocation
0x00000000044fc000 	/System/Library/Frameworks/Accounts.framework/Versions/A/Accounts
0x00000000044fc000 	/System/Library/PrivateFrameworks/ApplePushService.framework/Versions/A/ApplePushService
0x00000000044fc000 	/System/Library/PrivateFrameworks/GeoServices.framework/Versions/A/GeoServices
0x00000000044fc000 	/System/Library/PrivateFrameworks/OAuth.framework/Versions/A/OAuth
0x00000000044fc000 	/System/Library/Frameworks/CoreGraphics.framework/Versions/A/Resources/libCGCMS.A.dylib
0x00000000044fc000 	/System/Library/CoreServices/RawCamera.bundle/Contents/MacOS/RawCamera
0x00000000044fc000 	/System/Library/Frameworks/CoreGraphics.framework/Versions/A/Resources/libRIP.A.dylib
0x00000000044fc000 	/System/Library/PrivateFrameworks/FamilyControls.framework/Versions/A/FamilyControls
0x00000000044fc000 	/System/Library/PrivateFrameworks/CommerceKit.framework/Versions/A/Frameworks/CommerceCore.framework/Versions/A/CommerceCore
0x00000000044fc000 	/System/Library/PrivateFrameworks/SystemAdministration.framework/Versions/A/SystemAdministration
0x00000000044fc000 	/System/Library/PrivateFrameworks/AppContainer.framework/Versions/A/AppContainer
0x00000000044fc000 	/System/Library/PrivateFrameworks/SecCodeWrapper.framework/Versions/A/SecCodeWrapper
0x00000000044fc000 	/System/Library/Frameworks/DirectoryService.framework/Versions/A/DirectoryService
0x00000000044fc000 	/System/Library/PrivateFrameworks/LoginUIKit.framework/Versions/A/Frameworks/LoginUICore.framework/Versions/A/LoginUICore
0x00000000044fc000 	/usr/lib/libodfde.dylib
0x0000000126cf8000 	/Library/Java/JavaVirtualMachines/jdk1.8.0_20.jdk/Contents/Home/jre/lib/libjavafx_font.dylib
0x00000000044fc000 	/System/Library/Frameworks/CoreGraphics.framework/Versions/A/Resources/libCGXType.A.dylib
0x000000012999a000 	cl_kernels
0x000000012a9e2000 	/System/Library/Frameworks/OpenCL.framework/Versions/A/Libraries/ImageFormats/unorm8_bgra.dylib
0x000000012998c000 	cl_kernels
0x000000012b8f5000 	/Library/Java/JavaVirtualMachines/jdk1.8.0_20.jdk/Contents/Home/jre/lib/libprism_common.dylib

VM Arguments:
jvm_args: -Dfile.encoding=UTF-8 
java_command: application.Main
java_class_path (initial): /Users/hunter/git/SpaceTraders2340/bin:/Applications/eclipse/plugins/org.eclipse.fx.ide.css.jfx8_1.0.0.201408150702.jar
Launcher Type: SUN_STANDARD

Environment Variables:
PATH=/usr/bin:/bin:/usr/sbin:/sbin
SHELL=/usr/local/bin/zsh

Signal Handlers:
SIGSEGV: [libjvm.dylib+0x578fd7], sa_mask[0]=11111111011111110111111111111111, sa_flags=SA_ONSTACK|SA_RESTART|SA_SIGINFO
SIGBUS: [libjvm.dylib+0x578fd7], sa_mask[0]=11111111011111110111111111111111, sa_flags=SA_RESTART|SA_SIGINFO
SIGFPE: [libjvm.dylib+0x45ab0c], sa_mask[0]=11111111011111110111111111111111, sa_flags=SA_RESTART|SA_SIGINFO
SIGPIPE: [libjvm.dylib+0x45ab0c], sa_mask[0]=11111111011111110111111111111111, sa_flags=SA_RESTART|SA_SIGINFO
SIGXFSZ: [libjvm.dylib+0x45ab0c], sa_mask[0]=11111111011111110111111111111111, sa_flags=SA_RESTART|SA_SIGINFO
SIGILL: [libjvm.dylib+0x45ab0c], sa_mask[0]=11111111011111110111111111111111, sa_flags=SA_RESTART|SA_SIGINFO
SIGUSR1: SIG_DFL, sa_mask[0]=00000000000000000000000000000000, sa_flags=none
SIGUSR2: [libjvm.dylib+0x45a62a], sa_mask[0]=00100000000000000000000000000000, sa_flags=SA_RESTART|SA_SIGINFO
SIGHUP: [libjvm.dylib+0x458bfd], sa_mask[0]=11111111011111110111111111111111, sa_flags=SA_RESTART|SA_SIGINFO
SIGINT: [libjvm.dylib+0x458bfd], sa_mask[0]=11111111011111110111111111111111, sa_flags=SA_RESTART|SA_SIGINFO
SIGTERM: [libjvm.dylib+0x458bfd], sa_mask[0]=11111111011111110111111111111111, sa_flags=SA_RESTART|SA_SIGINFO
SIGQUIT: 