#
# A fatal error has been detected by the Java Runtime Environment:
#
#  SIGSEGV (0xb) at pc=0x000000012725d381, pid=12684, tid=1811
#
# JRE version: Java(TM) SE Runtime Environment (8.0_20-b26) (build 1.8.0_20-b26)
# Java VM: Java HotSpot(TM) 64-Bit Server VM (25.20-b23 mixed mode bsd-amd64 compressed oops)
# Problematic frame:
# C  [libglass.dylib+0x16381]  GlassScreenDidChangeScreenParameters+0x21
#
# Failed to write core dump. Core dumps have been disabled. To enable core dumping, try "ulimit -c unlimited" before starting Java again
#
# If you would like to submit a bug report, please visit:
#   http://bugreport.sun.com/bugreport/crash.jsp
#

---------------  T H R E A D  ---------------

Current thread is native thread

siginfo: si_signo: 11 (SIGSEGV), si_code: 1 (SEGV_MAPERR), si_addr: 0x0000000000000000

Registers:
RAX=0x000000012728fd48, RBX=0x0000000000000000, RCX=0xaa001f34cdc790e5, RDX=0x00007fff751a61f8
RSP=0x00007fff58ee6140, RBP=0x00007fff58ee6150, RSI=0x00007fda7280a638, RDI=0x0000000000000000
R8 =0x00007fff58ee5ff0, R9 =0x00007fff75228300, R10=0x0000000000000000, R11=0x0000000000000246
R12=0x00007fda70e08610, R13=0x00000000000f4268, R14=0x00007fda70e64f50, R15=0x00007fff58ee6290
RIP=0x000000012725d381, EFLAGS=0x0000000000010246, ERR=0x0000000000000004
  TRAPNO=0x000000000000000e

Top of Stack: (sp=0x00007fff58ee6140)
0x00007fff58ee6140:   00007fff58ee6320 00007fda70e64f50
0x00007fff58ee6150:   00007fff58ee6160 00007fff8920bcbc
0x00007fff58ee6160:   00007fff58ee64c0 00007fff890fd1b4
0x00007fff58ee6170:   00007fda00020000 0000000000003200
0x00007fff58ee6180:   00007fda70d00000 00007fda70dfc080
0x00007fff58ee6190:   0000000000001005 0000000000000270
0x00007fff58ee61a0:   0000000000000006 00007fda70e64f50
0x00007fff58ee61b0:   0000000000000000 00007fff58ee6290
0x00007fff58ee61c0:   0000000000000000 00007fda70e64f10
0x00007fff58ee61d0:   00007fff58ee6310 000000000000001a
0x00007fff58ee61e0:   00000000000f4290 00007fda72b01450
0x00007fff58ee61f0:   00007fda70c54630 00007fda70e08610
0x00007fff58ee6200:   0000000000000001 00000000000f4268
0x00007fff58ee6210:   00007fda70e08600 00007fff8a2f8acb
0x00007fff58ee6220:   0000000000000001 0000000000000001
0x00007fff58ee6230:   0000000000000030 0000000000000001
0x00007fff58ee6240:   00007fff58ee6260 00007fff8a2fe231
0x00007fff58ee6250:   00007fff7517add0 0000000000000000
0x00007fff58ee6260:   00007fff58ee6280 0000000000000000
0x00007fff58ee6270:   00003c038a2f853e 00007fda70e08634
0x00007fff58ee6280:   0000000000000000 00007fff890f2c8f
0x00007fff58ee6290:   00007fda70e64f50 00007fff7517add0
0x00007fff58ee62a0:   00007fff58ee6320 000000000000000d
0x00007fff58ee62b0:   00007fff58ee62f0 00007fff8a2f853e
0x00007fff58ee62c0:   0000000106d34a00 0000000000000002
0x00007fff58ee62d0:   0000000106d31000 00007fda72b013c2
0x00007fff58ee62e0:   0000000000000003 0000000106d37c00
0x00007fff58ee62f0:   00007fff58ee63e0 00007fff8a2f72a2
0x00007fff58ee6300:   00007fda72832400 00007fff58ee64c8
0x00007fff58ee6310:   0000000000000017 0000000000000000
0x00007fff58ee6320:   00000000000f4268 00007fff890f2f83
0x00007fff58ee6330:   00007fff00000000 00007fda70c58e60 

Instructions: (pc=0x000000012725d381)
0x000000012725d361:   48 89 e5 41 56 53 48 8d 05 d2 2a 03 00 48 83 38
0x000000012725d371:   00 48 89 fb 75 72 48 8d 05 ca 29 03 00 48 8b 30
0x000000012725d381:   48 8b 03 48 8d 15 7c 99 01 00 48 8d 0d 5e 6f 01
0x000000012725d391:   00 48 89 df ff 90 88 03 00 00 48 8d 0d 9e 2a 03 

Register to memory mapping:

RAX=0x000000012728fd48: jScreenClass+0 in /Library/Java/JavaVirtualMachines/jdk1.8.0_20.jdk/Contents/Home/jre/lib/libglass.dylib at 0x0000000127247000
RBX=0x0000000000000000 is an unknown value
RCX=0xaa001f34cdc790e5 is an unknown value
RDX=0x00007fff751a61f8: __sFX+0x1c8 in /usr/lib/system/libsystem_c.dylib at 0x00007fff895cd000
RSP=0x00007fff58ee6140 is an unknown value
RBP=0x00007fff58ee6150 is an unknown value
RSI=0x00007fda7280a638 is a global jni handle
RDI=0x0000000000000000 is an unknown value
R8 =0x00007fff58ee5ff0 is an unknown value
R9 =0x00007fff75228300: _thread+0 in /usr/lib/system/libsystem_pthread.dylib at 0x00007fff89986000
R10=0x0000000000000000 is an unknown value
R11=0x0000000000000246 is an unknown value
R12=0x00007fda70e08610 is an unknown value
R13=0x00000000000f4268 is an unknown value
R14=0x00007fda70e64f50 is an unknown value
R15=0x00007fff58ee6290 is an unknown value


Stack: [0x00007fff586e9000,0x00007fff58ee9000],  sp=0x00007fff58ee6140,  free space=8180k
Native frames: (J=compiled Java code, j=interpreted, Vv=VM code, C=native code)
C  [libglass.dylib+0x16381]  GlassScreenDidChangeScreenParameters+0x21
C  [CoreFoundation+0x11ecbc]  __CFNOTIFICATIONCENTER_IS_CALLING_OUT_TO_AN_OBSERVER__+0xc
C  [CoreFoundation+0x101b4]  _CFXNotificationPost+0xc44
C  [Foundation+0x2ea1]  -[NSNotificationCenter postNotificationName:object:userInfo:]+0x42
C  [AppKit+0x362f3e]  -[NSApplication _reactToScreenInvalidationImmediately:]+0x17b
C  [AppKit+0x362d7d]  __44-[NSApplication _reactToScreenInvalidation:]_block_invoke+0x4b
C  [CoreFoundation+0x8054c]  __CFRUNLOOP_IS_CALLING_OUT_TO_A_BLOCK__+0xc
C  [CoreFoundation+0x72655]  __CFRunLoopDoBlocks+0x155
C  [CoreFoundation+0x72196]  __CFRunLoopRun+0x716
C  [CoreFoundation+0x71838]  CFRunLoopRunSpecific+0x128
C  [java+0x56cc]  CreateExecutionEnvironment+0x367
C  [java+0x165c]  JLI_Launch+0x7a0
C  [java+0x768a]  main+0x65
C  [java+0xeb4]  start+0x34


---------------  P R O C E S S  ---------------

VM state:at safepoint (normal execution)

VM Mutex/Monitor currently owned by a thread:  ([mutex/lock_event])
[0x00007fda70c1e300] Threads_lock - owner thread: 0x00007fda7383c000

Heap:
 PSYoungGen      total 76288K, used 24106K [0x000000076ab00000, 0x0000000770000000, 0x00000007c0000000)
  eden space 65536K, 36% used [0x000000076ab00000,0x000000076c28aa78,0x000000076eb00000)
  from space 10752K, 0% used [0x000000076f580000,0x000000076f580000,0x0000000770000000)
  to   space 10752K, 0% used [0x000000076eb00000,0x000000076eb00000,0x000000076f580000)
 ParOldGen       total 175104K, used 0K [0x00000006c0000000, 0x00000006cab00000, 0x000000076ab00000)
  object space 175104K, 0% used [0x00000006c0000000,0x00000006c0000000,0x00000006cab00000)
 Metaspace       used 10437K, capacity 10788K, committed 11008K, reserved 1058816K
  class space    used 1339K, capacity 1442K, committed 1536K, reserved 1048576K

Card table byte_map: [0x00000001182db000,0x0000000118adc000] byte_map_base: 0x0000000114cdb000

Marking Bits: (ParMarkBitMap*) 0x000000010889c330
 Begin Bits: [0x000000011984a000, 0x000000011d84a000)
 End Bits:   [0x000000011d84a000, 0x000000012184a000)

Polling page: 0x0000000106f71000

CodeCache: size=245760Kb used=2740Kb max_used=2740Kb free=243019Kb
 bounds [0x0000000108f1b000, 0x00000001091cb000, 0x0000000117f1b000]
 total_blobs=1113 nmethods=672 adapters=356
 compilation: enabled

Compilation events (10 events):
Event: 0.551 Thread 0x00007fda73840000  668       3       java.util.AbstractSequentialList::<init> (5 bytes)
Event: 0.551 Thread 0x00007fda73840000 nmethod 668 0x00000001091c6e10 code [0x00000001091c6f80, 0x00000001091c71f0]
Event: 0.555 Thread 0x00007fda73840000  669       1       java.nio.Buffer::position (5 bytes)
Event: 0.555 Thread 0x00007fda73840000 nmethod 669 0x00000001091c7310 code [0x00000001091c7460, 0x00000001091c7570]
Event: 0.555 Thread 0x00007fda73840000  670       1       java.nio.Buffer::limit (5 bytes)
Event: 0.555 Thread 0x00007fda73840000 nmethod 670 0x00000001091c75d0 code [0x00000001091c7720, 0x00000001091c7830]
Event: 0.555 Thread 0x00007fda73840000  671       3       java.nio.Buffer::position (43 bytes)
Event: 0.556 Thread 0x00007fda73840000 nmethod 671 0x00000001091c7890 code [0x00000001091c7a00, 0x00000001091c7ca8]
Event: 0.556 Thread 0x00007fda73840000  672       3       java.nio.ByteBuffer::arrayOffset (35 bytes)
Event: 0.556 Thread 0x00007fda73840000 nmethod 672 0x00000001091c7d50 code [0x00000001091c7ee0, 0x00000001091c81d8]

GC Heap History (0 events):
No events

Deoptimization events (2 events):
Event: 0.434 Thread 0x00007fda73871000 Uncommon trap: reason=unreached action=reinterpret pc=0x000000010916f570 method=java.util.HashMap.getNode(ILjava/lang/Object;)Ljava/util/HashMap$Node; @ 84
Event: 0.493 Thread 0x00007fda73871000 Uncommon trap: reason=unreached action=reinterpret pc=0x0000000109184750 method=java.util.HashMap.hash(Ljava/lang/Object;)I @ 1

Internal exceptions (10 events):
Event: 0.398 Thread 0x00007fda73871000 Exception <a 'java/lang/NullPointerException'> (0x000000076baf7d50) thrown at [/HUDSON3/workspace/8-2-build-macosx-x86_64/jdk8u20/1074/hotspot/src/share/vm/interpreter/linkResolver.cpp, line 1166]
Event: 0.398 Thread 0x00007fda73871000 Exception <a 'java/lang/NullPointerException'> (0x000000076baf7d50) thrown at [/HUDSON3/workspace/8-2-build-macosx-x86_64/jdk8u20/1074/hotspot/src/share/vm/prims/jvm.cpp, line 1279]
Event: 0.454 Thread 0x00007fda73871000 Exception <a 'java/lang/ArrayIndexOutOfBoundsException': 70> (0x000000076be99320) thrown at [/HUDSON3/workspace/8-2-build-macosx-x86_64/jdk8u20/1074/hotspot/src/share/vm/interpreter/interpreterRuntime.cpp, line 366]
Event: 0.454 Thread 0x00007fda73871000 Exception <a 'java/lang/ArrayIndexOutOfBoundsException': 18> (0x000000076be99f60) thrown at [/HUDSON3/workspace/8-2-build-macosx-x86_64/jdk8u20/1074/hotspot/src/share/vm/interpreter/interpreterRuntime.cpp, line 366]
Event: 0.454 Thread 0x00007fda73871000 Exception <a 'java/lang/ArrayIndexOutOfBoundsException': 86> (0x000000076be9b240) thrown at [/HUDSON3/workspace/8-2-build-macosx-x86_64/jdk8u20/1074/hotspot/src/share/vm/interpreter/interpreterRuntime.cpp, line 366]
Event: 0.455 Thread 0x00007fda73871000 Exception <a 'java/lang/ArrayIndexOutOfBoundsException'> (0x000000076bea03f0) thrown at [/HUDSON3/workspace/8-2-build-macosx-x86_64/jdk8u20/1074/hotspot/src/share/vm/runtime/sharedRuntime.cpp, line 604]
Event: 0.493 Thread 0x00007fda73871000 Implicit null exception at 0x0000000109184575 to 0x0000000109184741
Event: 0.508 Thread 0x00007fda73871000 Exception <a 'java/security/PrivilegedActionException'> (0x000000076c0e4c38) thrown at [/HUDSON3/workspace/8-2-build-macosx-x86_64/jdk8u20/1074/hotspot/src/share/vm/prims/jvm.cpp, line 1275]
Event: 0.508 Thread 0x00007fda73871000 Exception <a 'java/lang/NullPointerException'> (0x000000076c0e9458) thrown at [/HUDSON3/workspace/8-2-build-macosx-x86_64/jdk8u20/1074/hotspot/src/share/vm/interpreter/linkResolver.cpp, line 1166]
Event: 0.555 Thread 0x00007fda72000000 Exception <a 'java/lang/reflect/InvocationTargetException'> (0x000000076b165980) thrown at [/HUDSON3/workspace/8-2-build-macosx-x86_64/jdk8u20/1074/hotspot/src/share/vm/runtime/reflection.cpp, line 1079]

Events (10 events):
Event: 0.557 loading class java/util/Formatter$Flags done
Event: 0.557 loading class java/util/Formatter$Conversion
Event: 0.557 loading class java/util/Formatter$Conversion done
Event: 0.557 loading class java/util/Formattable
Event: 0.557 loading class java/util/Formattable done
Event: 0.557 loading class java/util/IdentityHashMap$KeyIterator
Event: 0.557 loading class java/util/IdentityHashMap$IdentityHashMapIterator
Event: 0.557 loading class java/util/IdentityHashMap$IdentityHashMapIterator done
Event: 0.557 loading class java/util/IdentityHashMap$KeyIterator done
Event: 0.557 Executing VM operation: Exit


Dynamic libraries:
0x00000000044fc000 	/System/Library/Frameworks/Cocoa.framework/Versions/A/Cocoa
0x00000000044fc000 	/System/Library/Frameworks/Security.framework/Versions/A/Security
0x00000000044fc000 	/System/Library/Frameworks/ApplicationServices.framework/Versions/A/ApplicationServices
0x00000000044fc000 	/usr/lib/libz.1.dylib
0x00000000044fc000 	/usr/lib/libSystem.B.dylib
0x00000000044fc000 	/usr/lib/libobjc.A.dylib
0x00000000044fc000 	/System/Library/Frameworks/CoreFoundation.framework/Versions/A/CoreFoundation
0x00000000044fc000 	/System/Library/Frameworks/Foundation.framework/Versions/C/Foundation
0x00000000044fc000 	/System/Library/Frameworks/AppKit.framework/Versions/C/AppKit
0x00000000044fc000 	/System/Library/Frameworks/CoreData.framework/Versions/A/CoreData
0x00000000044fc000 	/System/Library/PrivateFrameworks/RemoteViewServices.framework/Versions/A/RemoteViewServices
0x00000000044fc000 	/System/Library/PrivateFrameworks/UIFoundation.framework/Versions/A/UIFoundation
0x00000000044fc000 	/System/Library/Frameworks/IOSurface.framework/Versions/A/IOSurface
0x00000000044fc000 	/System/Library/Frameworks/AudioToolbox.framework/Versions/A/AudioToolbox
0x00000000044fc000 	/System/Library/Frameworks/AudioUnit.framework/Versions/A/AudioUnit
0x00000000044fc000 	/System/Library/PrivateFrameworks/DataDetectorsCore.framework/Versions/A/DataDetectorsCore
0x00000000044fc000 	/System/Library/PrivateFrameworks/DesktopServicesPriv.framework/Versions/A/DesktopServicesPriv
0x00000000044fc000 	/System/Library/Frameworks/Carbon.framework/Versions/A/Frameworks/HIToolbox.framework/Versions/A/HIToolbox
0x00000000044fc000 	/System/Library/Frameworks/QuartzCore.framework/Versions/A/QuartzCore
0x00000000044fc000 	/System/Library/Frameworks/Carbon.framework/Versions/A/Frameworks/SpeechRecognition.framework/Versions/A/SpeechRecognition
0x00000000044fc000 	/usr/lib/libauto.dylib
0x00000000044fc000 	/usr/lib/libicucore.A.dylib
0x00000000044fc000 	/usr/lib/libxml2.2.dylib
0x00000000044fc000 	/System/Library/PrivateFrameworks/CoreUI.framework/Versions/A/CoreUI
0x00000000044fc000 	/System/Library/Frameworks/CoreAudio.framework/Versions/A/CoreAudio
0x00000000044fc000 	/System/Library/Frameworks/DiskArbitration.framework/Versions/A/DiskArbitration
0x00000000044fc000 	/usr/lib/liblangid.dylib
0x00000000044fc000 	/System/Library/PrivateFrameworks/MultitouchSupport.framework/Versions/A/MultitouchSupport
0x00000000044fc000 	/System/Library/Frameworks/IOKit.framework/Versions/A/IOKit
0x00000000044fc000 	/usr/lib/libDiagnosticMessagesClient.dylib
0x00000000044fc000 	/System/Library/Frameworks/CoreServices.framework/Versions/A/CoreServices
0x00000000044fc000 	/System/Library/PrivateFrameworks/PerformanceAnalysis.framework/Versions/A/PerformanceAnalysis
0x00000000044fc000 	/System/Library/PrivateFrameworks/GenerationalStorage.framework/Versions/A/GenerationalStorage
0x00000000044fc000 	/System/Library/Frameworks/OpenGL.framework/Versions/A/OpenGL
0x00000000044fc000 	/System/Library/PrivateFrameworks/Sharing.framework/Versions/A/Sharing
0x00000000044fc000 	/System/Library/Frameworks/CoreGraphics.framework/Versions/A/CoreGraphics
0x00000000044fc000 	/System/Library/Frameworks/CoreText.framework/Versions/A/CoreText
0x00000000044fc000 	/System/Library/Frameworks/ImageIO.framework/Versions/A/ImageIO
0x00000000044fc000 	/usr/lib/libextension.dylib
0x00000000044fc000 	/System/Library/PrivateFrameworks/Backup.framework/Versions/A/Backup
0x00000000044fc000 	/usr/lib/libarchive.2.dylib
0x00000000044fc000 	/System/Library/Frameworks/CFNetwork.framework/Versions/A/CFNetwork
0x00000000044fc000 	/System/Library/Frameworks/SystemConfiguration.framework/Versions/A/SystemConfiguration
0x00000000044fc000 	/usr/lib/libCRFSuite.dylib
0x00000000044fc000 	/usr/lib/libc++.1.dylib
0x00000000044fc000 	/usr/lib/libc++abi.dylib
0x00000000044fc000 	/usr/lib/system/libcache.dylib
0x00000000044fc000 	/usr/lib/system/libcommonCrypto.dylib
0x00000000044fc000 	/usr/lib/system/libcompiler_rt.dylib
0x00000000044fc000 	/usr/lib/system/libcopyfile.dylib
0x00000000044fc000 	/usr/lib/system/libcorecrypto.dylib
0x00000000044fc000 	/usr/lib/system/libdispatch.dylib
0x00000000044fc000 	/usr/lib/system/libdyld.dylib
0x00000000044fc000 	/usr/lib/system/libkeymgr.dylib
0x00000000044fc000 	/usr/lib/system/liblaunch.dylib
0x00000000044fc000 	/usr/lib/system/libmacho.dylib
0x00000000044fc000 	/usr/lib/system/libquarantine.dylib
0x00000000044fc000 	/usr/lib/system/libremovefile.dylib
0x00000000044fc000 	/usr/lib/system/libsystem_asl.dylib
0x00000000044fc000 	/usr/lib/system/libsystem_blocks.dylib
0x00000000044fc000 	/usr/lib/system/libsystem_c.dylib
0x00000000044fc000 	/usr/lib/system/libsystem_configuration.dylib
0x00000000044fc000 	/usr/lib/system/libsystem_coreservices.dylib
0x00000000044fc000 	/usr/lib/system/libsystem_coretls.dylib
0x00000000044fc000 	/usr/lib/system/libsystem_dnssd.dylib
0x00000000044fc000 	/usr/lib/system/libsystem_info.dylib
0x00000000044fc000 	/usr/lib/system/libsystem_kernel.dylib
0x00000000044fc000 	/usr/lib/system/libsystem_m.dylib
0x00000000044fc000 	/usr/lib/system/libsystem_malloc.dylib
0x00000000044fc000 	/usr/lib/system/libsystem_network.dylib
0x00000000044fc000 	/usr/lib/system/libsystem_networkextension.dylib
0x00000000044fc000 	/usr/lib/system/libsystem_notify.dylib
0x00000000044fc000 	/usr/lib/system/libsystem_platform.dylib
0x00000000044fc000 	/usr/lib/system/libsystem_pthread.dylib
0x00000000044fc000 	/usr/lib/system/libsystem_sandbox.dylib
0x00000000044fc000 	/usr/lib/system/libsystem_secinit.dylib
0x00000000044fc000 	/usr/lib/system/libsystem_stats.dylib
0x00000000044fc000 	/usr/lib/system/libsystem_trace.dylib
0x00000000044fc000 	/usr/lib/system/libunc.dylib
0x00000000044fc000 	/usr/lib/system/libunwind.dylib
0x00000000044fc000 	/usr/lib/system/libxpc.dylib
0x00000000044fc000 	/usr/lib/libbz2.1.0.dylib
0x00000000044fc000 	/usr/lib/liblzma.5.dylib
0x00000000044fc000 	/usr/lib/libbsm.0.dylib
0x00000000044fc000 	/usr/lib/libsqlite3.dylib
0x00000000044fc000 	/usr/lib/system/libkxld.dylib
0x00000000044fc000 	/usr/lib/libxar.1.dylib
0x00000000044fc000 	/usr/lib/libpam.2.dylib
0x00000000044fc000 	/usr/lib/libOpenScriptingUtil.dylib
0x00000000044fc000 	/System/Library/Frameworks/CoreServices.framework/Versions/A/Frameworks/FSEvents.framework/Versions/A/FSEvents
0x00000000044fc000 	/System/Library/Frameworks/CoreServices.framework/Versions/A/Frameworks/CarbonCore.framework/Versions/A/CarbonCore
0x00000000044fc000 	/System/Library/Frameworks/CoreServices.framework/Versions/A/Frameworks/Metadata.framework/Versions/A/Metadata
0x00000000044fc000 	/System/Library/Frameworks/CoreServices.framework/Versions/A/Frameworks/OSServices.framework/Versions/A/OSServices
0x00000000044fc000 	/System/Library/Frameworks/CoreServices.framework/Versions/A/Frameworks/SearchKit.framework/Versions/A/SearchKit
0x00000000044fc000 	/System/Library/Frameworks/CoreServices.framework/Versions/A/Frameworks/AE.framework/Versions/A/AE
0x00000000044fc000 	/System/Library/Frameworks/CoreServices.framework/Versions/A/Frameworks/LaunchServices.framework/Versions/A/LaunchServices
0x00000000044fc000 	/System/Library/Frameworks/CoreServices.framework/Versions/A/Frameworks/DictionaryServices.framework/Versions/A/DictionaryServices
0x00000000044fc000 	/System/Library/Frameworks/NetFS.framework/Versions/A/NetFS
0x00000000044fc000 	/System/Library/PrivateFrameworks/NetAuth.framework/Versions/A/NetAuth
0x00000000044fc000 	/System/Library/PrivateFrameworks/login.framework/Versions/A/Frameworks/loginsupport.framework/Versions/A/loginsupport
0x00000000044fc000 	/System/Library/PrivateFrameworks/TCC.framework/Versions/A/TCC
0x00000000044fc000 	/usr/lib/libmecabra.dylib
0x00000000044fc000 	/System/Library/PrivateFrameworks/LanguageModeling.framework/Versions/A/LanguageModeling
0x00000000044fc000 	/usr/lib/libcmph.dylib
0x00000000044fc000 	/usr/lib/libiconv.2.dylib
0x00000000044fc000 	/System/Library/Frameworks/OpenDirectory.framework/Versions/A/Frameworks/CFOpenDirectory.framework/Versions/A/CFOpenDirectory
0x00000000044fc000 	/System/Library/Frameworks/ServiceManagement.framework/Versions/A/ServiceManagement
0x00000000044fc000 	/usr/lib/libxslt.1.dylib
0x00000000044fc000 	/System/Library/Frameworks/Carbon.framework/Versions/A/Frameworks/Ink.framework/Versions/A/Ink
0x00000000044fc000 	/System/Library/Frameworks/ApplicationServices.framework/Versions/A/Frameworks/ATS.framework/Versions/A/ATS
0x00000000044fc000 	/System/Library/Frameworks/ApplicationServices.framework/Versions/A/Frameworks/ColorSync.framework/Versions/A/ColorSync
0x00000000044fc000 	/System/Library/Frameworks/ApplicationServices.framework/Versions/A/Frameworks/HIServices.framework/Versions/A/HIServices
0x00000000044fc000 	/System/Library/Frameworks/ApplicationServices.framework/Versions/A/Frameworks/LangAnalysis.framework/Versions/A/LangAnalysis
0x00000000044fc000 	/System/Library/Frameworks/ApplicationServices.framework/Versions/A/Frameworks/PrintCore.framework/Versions/A/PrintCore
0x00000000044fc000 	/System/Library/Frameworks/ApplicationServices.framework/Versions/A/Frameworks/QD.framework/Versions/A/QD
0x00000000044fc000 	/System/Library/Frameworks/ApplicationServices.framework/Versions/A/Frameworks/SpeechSynthesis.framework/Versions/A/SpeechSynthesis
0x00000000044fc000 	/System/Library/Frameworks/Accelerate.framework/Versions/A/Accelerate
0x00000000044fc000 	/System/Library/Frameworks/Accelerate.framework/Versions/A/Frameworks/vImage.framework/Versions/A/vImage
0x00000000044fc000 	/System/Library/Frameworks/Accelerate.framework/Versions/A/Frameworks/vecLib.framework/Versions/A/vecLib
0x00000000044fc000 	/System/Library/Frameworks/Accelerate.framework/Versions/A/Frameworks/vecLib.framework/Versions/A/libvDSP.dylib
0x00000000044fc000 	/System/Library/Frameworks/Accelerate.framework/Versions/A/Frameworks/vecLib.framework/Versions/A/libvMisc.dylib
0x00000000044fc000 	/System/Library/Frameworks/Accelerate.framework/Versions/A/Frameworks/vecLib.framework/Versions/A/libLAPACK.dylib
0x00000000044fc000 	/System/Library/Frameworks/Accelerate.framework/Versions/A/Frameworks/vecLib.framework/Versions/A/libBLAS.dylib
0x00000000044fc000 	/System/Library/Frameworks/Accelerate.framework/Versions/A/Frameworks/vecLib.framework/Versions/A/libLinearAlgebra.dylib
0x00000000044fc000 	/System/Library/Frameworks/ApplicationServices.framework/Versions/A/Frameworks/ATS.framework/Versions/A/Resources/libFontParser.dylib
0x00000000044fc000 	/System/Library/Frameworks/ApplicationServices.framework/Versions/A/Frameworks/ATS.framework/Versions/A/Resources/libFontRegistry.dylib
0x00000000044fc000 	/System/Library/PrivateFrameworks/AppleVPA.framework/Versions/A/AppleVPA
0x00000000044fc000 	/System/Library/PrivateFrameworks/AppleJPEG.framework/Versions/A/AppleJPEG
0x00000000044fc000 	/System/Library/Frameworks/ImageIO.framework/Versions/A/Resources/libJPEG.dylib
0x00000000044fc000 	/System/Library/Frameworks/ImageIO.framework/Versions/A/Resources/libTIFF.dylib
0x00000000044fc000 	/System/Library/Frameworks/ImageIO.framework/Versions/A/Resources/libPng.dylib
0x00000000044fc000 	/System/Library/Frameworks/ImageIO.framework/Versions/A/Resources/libGIF.dylib
0x00000000044fc000 	/System/Library/Frameworks/ImageIO.framework/Versions/A/Resources/libJP2.dylib
0x00000000044fc000 	/System/Library/Frameworks/ImageIO.framework/Versions/A/Resources/libRadiance.dylib
0x00000000044fc000 	/System/Library/Frameworks/CoreVideo.framework/Versions/A/CoreVideo
0x00000000044fc000 	/System/Library/Frameworks/OpenGL.framework/Versions/A/Libraries/libGLU.dylib
0x00000000044fc000 	/System/Library/Frameworks/OpenGL.framework/Versions/A/Libraries/libGFXShared.dylib
0x00000000044fc000 	/System/Library/Frameworks/OpenGL.framework/Versions/A/Libraries/libGL.dylib
0x00000000044fc000 	/System/Library/Frameworks/OpenGL.framework/Versions/A/Libraries/libGLImage.dylib
0x00000000044fc000 	/System/Library/Frameworks/OpenGL.framework/Versions/A/Libraries/libCVMSPluginSupport.dylib
0x00000000044fc000 	/System/Library/Frameworks/OpenGL.framework/Versions/A/Libraries/libCoreVMClient.dylib
0x00000000044fc000 	/usr/lib/libcups.2.dylib
0x00000000044fc000 	/System/Library/Frameworks/Kerberos.framework/Versions/A/Kerberos
0x00000000044fc000 	/System/Library/Frameworks/GSS.framework/Versions/A/GSS
0x00000000044fc000 	/usr/lib/libresolv.9.dylib
0x00000000044fc000 	/System/Library/PrivateFrameworks/Heimdal.framework/Versions/A/Heimdal
0x00000000044fc000 	/usr/lib/libheimdal-asn1.dylib
0x00000000044fc000 	/System/Library/Frameworks/OpenDirectory.framework/Versions/A/OpenDirectory
0x00000000044fc000 	/System/Library/PrivateFrameworks/CommonAuth.framework/Versions/A/CommonAuth
0x00000000044fc000 	/System/Library/Frameworks/SecurityFoundation.framework/Versions/A/SecurityFoundation
0x00000000044fc000 	/System/Library/Frameworks/QuartzCore.framework/Versions/A/Frameworks/CoreImage.framework/Versions/A/CoreImage
0x00000000044fc000 	/System/Library/PrivateFrameworks/CrashReporterSupport.framework/Versions/A/CrashReporterSupport
0x00000000044fc000 	/System/Library/Frameworks/OpenCL.framework/Versions/A/OpenCL
0x00000000044fc000 	/System/Library/PrivateFrameworks/FaceCore.framework/Versions/A/FaceCore
0x00000000044fc000 	/System/Library/PrivateFrameworks/Ubiquity.framework/Versions/A/Ubiquity
0x00000000044fc000 	/System/Library/PrivateFrameworks/IconServices.framework/Versions/A/IconServices
0x00000000044fc000 	/System/Library/PrivateFrameworks/ChunkingLibrary.framework/Versions/A/ChunkingLibrary
0x00000000044fc000 	/System/Library/PrivateFrameworks/Apple80211.framework/Versions/A/Apple80211
0x00000000044fc000 	/System/Library/Frameworks/CoreWLAN.framework/Versions/A/CoreWLAN
0x00000000044fc000 	/System/Library/Frameworks/IOBluetooth.framework/Versions/A/IOBluetooth
0x00000000044fc000 	/System/Library/PrivateFrameworks/CoreWiFi.framework/Versions/A/CoreWiFi
0x00000000044fc000 	/System/Library/Frameworks/CoreBluetooth.framework/Versions/A/CoreBluetooth
0x00000000044fc000 	/System/Library/PrivateFrameworks/DebugSymbols.framework/Versions/A/DebugSymbols
0x00000000044fc000 	/System/Library/PrivateFrameworks/CoreSymbolication.framework/Versions/A/CoreSymbolication
0x00000000044fc000 	/System/Library/PrivateFrameworks/Symbolication.framework/Versions/A/Symbolication
0x00000000044fc000 	/System/Library/PrivateFrameworks/SpeechRecognitionCore.framework/Versions/A/SpeechRecognitionCore
0x0000000108000000 	/Library/Java/JavaVirtualMachines/jdk1.8.0_20.jdk/Contents/Home/jre/lib/server/libjvm.dylib
0x00000000044fc000 	/usr/lib/libstdc++.6.dylib
0x0000000106f2f000 	/Library/Java/JavaVirtualMachines/jdk1.8.0_20.jdk/Contents/Home/jre/lib/libverify.dylib
0x0000000106f3d000 	/Library/Java/JavaVirtualMachines/jdk1.8.0_20.jdk/Contents/Home/jre/lib/libjava.dylib
0x0000000106f7b000 	/Library/Java/JavaVirtualMachines/jdk1.8.0_20.jdk/Contents/Home/jre/lib/libzip.dylib
0x0000000124a76000 	/System/Library/Frameworks/JavaVM.framework/Frameworks/JavaRuntimeSupport.framework/JavaRuntimeSupport
0x0000000124a8c000 	/System/Library/Frameworks/JavaVM.framework/Versions/A/Frameworks/JavaNativeFoundation.framework/Versions/A/JavaNativeFoundation
0x0000000124aa0000 	/System/Library/Frameworks/JavaVM.framework/Versions/A/JavaVM
0x00000000044fc000 	/System/Library/Frameworks/Carbon.framework/Versions/A/Carbon
0x0000000124aac000 	/System/Library/PrivateFrameworks/JavaLaunching.framework/Versions/A/JavaLaunching
0x00000000044fc000 	/System/Library/Frameworks/Carbon.framework/Versions/A/Frameworks/CommonPanels.framework/Versions/A/CommonPanels
0x00000000044fc000 	/System/Library/Frameworks/Carbon.framework/Versions/A/Frameworks/Help.framework/Versions/A/Help
0x00000000044fc000 	/System/Library/Frameworks/Carbon.framework/Versions/A/Frameworks/ImageCapture.framework/Versions/A/ImageCapture
0x00000000044fc000 	/System/Library/Frameworks/Carbon.framework/Versions/A/Frameworks/OpenScripting.framework/Versions/A/OpenScripting
0x00000000044fc000 	/System/Library/Frameworks/Carbon.framework/Versions/A/Frameworks/Print.framework/Versions/A/Print
0x00000000044fc000 	/System/Library/Frameworks/Carbon.framework/Versions/A/Frameworks/SecurityHI.framework/Versions/A/SecurityHI
0x0000000126b60000 	/Library/Java/JavaVirtualMachines/jdk1.8.0_20.jdk/Contents/Home/jre/lib/libprism_es2.dylib
0x00000000044fc000 	/System/Library/Frameworks/OpenGL.framework/Versions/A/Resources/GLEngine.bundle/GLEngine
0x00000000044fc000 	/System/Library/Frameworks/OpenGL.framework/Versions/A/Libraries/libGLProgrammability.dylib
0x0000000000000000 	/System/Library/Extensions/AppleIntelHD5000GraphicsGLDriver.bundle/Contents/MacOS/AppleIntelHD5000GraphicsGLDriver
0x00000000044fc000 	/System/Library/PrivateFrameworks/IOAccelerator.framework/Versions/A/IOAccelerator
0x00000000044fc000 	/System/Library/PrivateFrameworks/GPUSupport.framework/Versions/A/Libraries/libGPUSupportMercury.dylib
0x0000000000000000 	/System/Library/Extensions/GeForceGLDriver.bundle/Contents/MacOS/GeForceGLDriver
0x00000000044fc000 	/System/Library/Extensions/GeForceGLDriver.bundle/Contents/MacOS/libclh.dylib
0x00000000044fc000 	/System/Library/Frameworks/OpenGL.framework/Versions/A/Resources/GLRendererFloat.bundle/GLRendererFloat
0x00000000044fc000 	/System/Library/Frameworks/OpenCL.framework/Versions/A/Libraries/libcldcpuengine.dylib
0x00000000044fc000 	/System/Library/PrivateFrameworks/DiskImages.framework/Versions/A/DiskImages
0x00000000044fc000 	/System/Library/Frameworks/DiscRecording.framework/Versions/A/DiscRecording
0x00000000044fc000 	/usr/lib/libcsfde.dylib
0x00000000044fc000 	/usr/lib/libcurl.4.dylib
0x00000000044fc000 	/System/Library/PrivateFrameworks/MediaKit.framework/Versions/A/MediaKit
0x00000000044fc000 	/System/Library/PrivateFrameworks/ProtectedCloudStorage.framework/Versions/A/ProtectedCloudStorage
0x00000000044fc000 	/usr/lib/libCoreStorage.dylib
0x00000000044fc000 	/System/Library/PrivateFrameworks/EFILogin.framework/Versions/A/EFILogin
0x00000000044fc000 	/usr/lib/libutil.dylib
0x00000000044fc000 	/System/Library/PrivateFrameworks/FindMyDevice.framework/Versions/A/FindMyDevice
0x00000000044fc000 	/System/Library/Frameworks/LDAP.framework/Versions/A/LDAP
0x00000000044fc000 	/usr/lib/libsasl2.2.dylib
0x00000000044fc000 	/System/Library/PrivateFrameworks/CoreDaemon.framework/Versions/B/CoreDaemon
0x00000000044fc000 	/usr/lib/libcrypto.0.9.8.dylib
0x00000000044fc000 	/System/Library/PrivateFrameworks/AppleSRP.framework/Versions/A/AppleSRP
0x00000000044fc000 	/System/Library/PrivateFrameworks/TrustEvaluationAgent.framework/Versions/A/TrustEvaluationAgent
0x0000000127247000 	/Library/Java/JavaVirtualMachines/jdk1.8.0_20.jdk/Contents/Home/jre/lib/libglass.dylib
0x00000000044fc000 	/System/Library/PrivateFrameworks/CoreServicesInternal.framework/Versions/A/CoreServicesInternal
0x00000000044fc000 	/System/Library/PrivateFrameworks/CloudDocs.framework/Versions/A/CloudDocs
0x00000000044fc000 	/System/Library/PrivateFrameworks/CoreDuet.framework/Versions/A/CoreDuet
0x00000000044fc000 	/System/Library/Frameworks/CloudKit.framework/Versions/A/CloudKit
0x00000000044fc000 	/System/Library/PrivateFrameworks/ProtocolBuffer.framework/Versions/A/ProtocolBuffer
0x00000000044fc000 	/System/Library/PrivateFrameworks/CoreDuetDaemonProtocol.framework/Versions/A/CoreDuetDaemonProtocol
0x00000000044fc000 	/System/Library/PrivateFrameworks/CoreDuetDebugLogging.framework/Versions/A/CoreDuetDebugLogging
0x00000000044fc000 	/System/Library/Frameworks/CoreLocation.framework/Versions/A/CoreLocation
0x00000000044fc000 	/System/Library/Frameworks/Accounts.framework/Versions/A/Accounts
0x00000000044fc000 	/System/Library/PrivateFrameworks/ApplePushService.framework/Versions/A/ApplePushService
0x00000000044fc000 	/System/Library/PrivateFrameworks/GeoServices.framework/Versions/A/GeoServices
0x00000000044fc000 	/System/Library/PrivateFrameworks/OAuth.framework/Versions/A/OAuth
0x00000000044fc000 	/System/Library/Frameworks/CoreGraphics.framework/Versions/A/Resources/libCGCMS.A.dylib
0x00000000044fc000 	/System/Library/CoreServices/RawCamera.bundle/Contents/MacOS/RawCamera
0x00000000044fc000 	/System/Library/Frameworks/CoreGraphics.framework/Versions/A/Resources/libRIP.A.dylib
0x00000000044fc000 	/System/Library/PrivateFrameworks/FamilyControls.framework/Versions/A/FamilyControls
0x00000000044fc000 	/System/Library/PrivateFrameworks/CommerceKit.framework/Versions/A/Frameworks/CommerceCore.framework/Versions/A/CommerceCore
0x00000000044fc000 	/System/Library/PrivateFrameworks/SystemAdministration.framework/Versions/A/SystemAdministration
0x00000000044fc000 	/System/Library/PrivateFrameworks/AppContainer.framework/Versions/A/AppContainer
0x00000000044fc000 	/System/Library/PrivateFrameworks/SecCodeWrapper.framework/Versions/A/SecCodeWrapper
0x00000000044fc000 	/System/Library/Frameworks/DirectoryService.framework/Versions/A/DirectoryService
0x00000000044fc000 	/System/Library/PrivateFrameworks/LoginUIKit.framework/Versions/A/Frameworks/LoginUICore.framework/Versions/A/LoginUICore
0x00000000044fc000 	/usr/lib/libodfde.dylib
0x000000012b47b000 	/Library/Java/JavaVirtualMachines/jdk1.8.0_20.jdk/Contents/Home/jre/lib/libjavafx_font.dylib
0x00000000044fc000 	/System/Library/Frameworks/CoreGraphics.framework/Versions/A/Resources/libCGXType.A.dylib
0x000000012c84c000 	cl_kernels
0x000000012c84e000 	/System/Library/Frameworks/OpenCL.framework/Versions/A/Libraries/ImageFormats/unorm8_bgra.dylib
0x000000012c83e000 	cl_kernels

VM Arguments:
jvm_args: -Dfile.encoding=UTF-8 
java_command: application.Main
java_class_path (initial): /Users/hunter/git/SpaceTraders2340/bin:/Applications/eclipse/plugins/org.eclipse.fx.ide.css.jfx8_1.0.0.201408150702.jar
Launcher Type: SUN_STANDARD

Environment Variables:
PATH=/usr/bin:/bin:/usr/sbin:/sbin
SHELL=/usr/local/bin/zsh

Signal Handlers:
SIGSEGV: [libjvm.dylib+0x578fd7], sa_mask[0]=11111111011111110111111111111111, sa_flags=SA_ONSTACK|SA_RESTART|SA_SIGINFO
SIGBUS: [libjvm.dylib+0x578fd7], sa_mask[0]=11111111011111110111111111111111, sa_flags=SA_RESTART|SA_SIGINFO
SIGFPE: [libjvm.dylib+0x45ab0c], sa_mask[0]=11111111011111110111111111111111, sa_flags=SA_RESTART|SA_SIGINFO
SIGPIPE: [libjvm.dylib+0x45ab0c], sa_mask[0]=11111111011111110111111111111111, sa_flags=SA_RESTART|SA_SIGINFO
SIGXFSZ: [libjvm.dylib+0x45ab0c], sa_mask[0]=11111111011111110111111111111111, sa_flags=SA_RESTART|SA_SIGINFO
SIGILL: [libjvm.dylib+0x45ab0c], sa_mask[0]=11111111011111110111111111111111, sa_flags=SA_RESTART|SA_SIGINFO
SIGUSR1: SIG_DFL, sa_mask[0]=00000000000000000000000000000000, sa_flags=none
SIGUSR2: [libjvm.dylib+0x45a62a], sa_mask[0]=00100000000000000000000000000000, sa_flags=SA_RESTART|SA_SIGINFO
SIGHUP: [libjvm.dylib+0x458bfd], sa_mask[0]=11111111011111110111111111111111, sa_flags=SA_RESTART|SA_SIGINFO
SIGINT: [libjvm.dylib+0x458bfd], sa_mask[0]=11111111011111110111111111111111, sa_flags=SA_RESTART|SA_SIGINFO
SIGTERM: [libjvm.dylib+0x458bfd], sa_mask[0]=11111111011111110111111111111111, sa_flags=SA_RESTART|SA_SIGINFO
SIGQUIT: [libjvm.dylib+0x458bfd], sa_mask[0]=11111111011111110111111111111111, sa_flags=SA_RESTART|SA_SIGINFO


---------------  S Y S T E M  ---------------

OS:Bsduname:Darwin 14.0.0 Darwin Kernel Version 14.0.0: Fri Sep 19 00:26:44 PDT 2014; root:xnu-2782.1.97~2/RELEASE_X86_64 x86_64
rlimit: STACK 8192k, CORE 0k, NPROC 709, NOFILE 10240, AS infinity
load average:3.63 4.49 4.76

CPU:total 8 (4 cores per cpu, 2 threads per core) family 6 model 70 stepping 1, cmov, cx8, fxsr, mmx, sse, sse2, sse3, ssse3, sse4.1, sse4.2, popcnt, avx, avx2, aes, clmul, erms, rtm, lzcnt, ht, tsc, tscinvbit, bmi1, bmi2

Memory: 4k page, physical 16777216k(3156848k free)

/proc/meminfo:


vm_info: Java HotSpot(TM) 64-Bit Server VM (25.20-b23) for bsd-amd64 JRE (1.8.0_20-b26), built on Jul 30 2014 13:37:47 by "java_re" with gcc 4.2.1 (Based on Apple Inc. build 5658) (LLVM build 2336.9.00)

time: Thu Oct 23 11:57:48 2014
elapsed time: 0 seconds (0d 0h 0m 0s)

